\BOOKMARK [0][-]{titulo.0}{\376\377\000P\000\341\000g\000i\000n\000a\000\040\000d\000e\000\040\000T\000\355\000t\000u\000l\000o}{}% 1
\BOOKMARK [0][-]{indices.0}{\376\377\000\315\000n\000d\000i\000c\000e\000s}{}% 2
\BOOKMARK [1][-]{tabla de contenidos.1}{\376\377\000T\000a\000b\000l\000a\000\040\000d\000e\000\040\000c\000o\000n\000t\000e\000n\000i\000d\000o\000s}{indices.0}% 3
\BOOKMARK [1][-]{indice de figuras.1}{\376\377\000\315\000n\000d\000i\000c\000e\000\040\000d\000e\000\040\000f\000i\000g\000u\000r\000a\000s}{indices.0}% 4
\BOOKMARK [1][-]{indice de tablas.1}{\376\377\000\315\000n\000d\000i\000c\000e\000\040\000d\000e\000\040\000t\000a\000b\000l\000a\000s}{indices.0}% 5
\BOOKMARK [0][-]{chapter.1}{\376\377\000F\000o\000t\000o\000m\000e\000t\000r\000\355\000a\000\040\000C\000C\000D}{}% 6
\BOOKMARK [1][-]{section.1.1}{\376\377\000L\000u\000m\000i\000n\000o\000s\000i\000d\000a\000d}{chapter.1}% 7
\BOOKMARK [1][-]{section.1.2}{\376\377\000F\000o\000t\000o\000m\000e\000t\000r\000\355\000a\000\040\000C\000C\000D}{chapter.1}% 8
\BOOKMARK [2][-]{subsection.1.2.1}{\376\377\000I\000m\000\341\000g\000e\000n\000e\000s\000\040\000d\000e\000\040\000c\000a\000l\000i\000b\000r\000a\000c\000i\000\363\000n}{section.1.2}% 9
\BOOKMARK [2][-]{subsection.1.2.2}{\376\377\000B\000i\000a\000s}{section.1.2}% 10
\BOOKMARK [2][-]{subsection.1.2.3}{\376\377\000F\000l\000a\000t\000s}{section.1.2}% 11
\BOOKMARK [0][-]{chapter.2}{\376\377\000E\000s\000t\000r\000e\000l\000l\000a\000s\000\040\000V\000a\000r\000i\000a\000b\000l\000e\000s}{}% 12
\BOOKMARK [1][-]{section.2.1}{\376\377\000U\000n\000a\000\040\000i\000n\000t\000r\000o\000d\000u\000c\000c\000i\000\363\000n\000\040\000a\000\040\000l\000a\000s\000\040\000e\000s\000t\000r\000e\000l\000l\000a\000s\000\040\000v\000a\000r\000i\000a\000b\000l\000e\000s}{chapter.2}% 13
\BOOKMARK [1][-]{section.2.2}{\376\377\000M\000a\000g\000n\000i\000t\000u\000d\000\040\000e\000s\000t\000e\000l\000a\000r}{chapter.2}% 14
\BOOKMARK [1][-]{section.2.3}{\376\377\000C\000l\000a\000s\000i\000f\000i\000c\000a\000c\000i\000\363\000n\000\040\000d\000e\000\040\000E\000s\000t\000r\000e\000l\000l\000a\000s\000\040\000V\000a\000r\000i\000a\000b\000l\000e\000s}{chapter.2}% 15
\BOOKMARK [2][-]{subsection.2.3.1}{\376\377\000V\000a\000r\000i\000a\000b\000l\000e\000s\000\040\000I\000n\000t\000r\000\355\000n\000s\000e\000c\000a\000s}{section.2.3}% 16
\BOOKMARK [2][-]{subsection.2.3.2}{\376\377\000V\000a\000r\000i\000a\000b\000l\000e\000s\000\040\000E\000x\000t\000r\000\355\000n\000s\000e\000c\000a\000s}{section.2.3}% 17
\BOOKMARK [1][-]{section.2.4}{\376\377\000C\000\341\000l\000c\000u\000l\000o\000\040\000d\000e\000\040\000d\000i\000s\000t\000a\000n\000c\000i\000a\000s}{chapter.2}% 18
\BOOKMARK [1][-]{section.2.5}{\376\377\000E\000s\000t\000r\000e\000l\000l\000a\000s\000\040\000V\000a\000r\000i\000a\000b\000l\000e\000s\000\040\000e\000n\000\040\000C\000\372\000m\000u\000l\000o\000s}{chapter.2}% 19
\BOOKMARK [0][-]{chapter.3}{\376\377\000S\000u\000s\000t\000r\000a\000c\000c\000i\000\363\000n\000\040\000d\000e\000\040\000I\000m\000a\000g\000e\000n\000e\000s}{}% 20
\BOOKMARK [1][-]{section.3.1}{\376\377\000I\000n\000t\000r\000o\000d\000u\000c\000c\000i\000\363\000n}{chapter.3}% 21
\BOOKMARK [1][-]{section.3.2}{\376\377\000P\000o\000i\000n\000t\000\040\000S\000p\000r\000e\000a\000d\000\040\000F\000u\000n\000c\000t\000i\000o\000n\000\040\000\050\000P\000S\000F\000\051}{chapter.3}% 22
\BOOKMARK [1][-]{section.3.3}{\376\377\000R\000e\000g\000i\000s\000t\000r\000o\000\040\000e\000\040\000I\000n\000t\000e\000r\000p\000o\000l\000a\000c\000i\000\363\000n\000\040\000A\000s\000t\000r\000o\000m\000\351\000t\000r\000i\000c\000a}{chapter.3}% 23
\BOOKMARK [1][-]{section.3.4}{\376\377\000C\000o\000n\000s\000t\000r\000u\000c\000c\000i\000\363\000n\000\040\000d\000e\000\040\000l\000a\000\040\000i\000m\000a\000g\000e\000n\000\040\000d\000e\000\040\000r\000e\000f\000e\000r\000e\000n\000c\000i\000a}{chapter.3}% 24
\BOOKMARK [1][-]{section.3.5}{\376\377\000S\000u\000s\000t\000r\000a\000c\000c\000i\000\363\000n\000\040\000d\000e\000\040\000i\000m\000\341\000g\000e\000n\000e\000s}{chapter.3}% 25
\BOOKMARK [1][-]{section.3.6}{\376\377\000D\000e\000t\000e\000c\000c\000i\000\363\000n\000\040\000d\000e\000\040\000v\000a\000r\000i\000a\000b\000l\000e\000s}{chapter.3}% 26
\BOOKMARK [1][-]{section.3.7}{\376\377\000F\000o\000t\000o\000m\000e\000t\000r\000\355\000a\000\040\000y\000\040\000c\000u\000r\000v\000a\000s\000\040\000d\000e\000\040\000l\000u\000z}{chapter.3}% 27
\BOOKMARK [0][-]{chapter.4}{\376\377\000D\000e\000s\000a\000r\000r\000o\000l\000l\000o\000s\000\040\000e\000\040\000i\000m\000p\000l\000e\000m\000e\000n\000t\000a\000c\000i\000o\000n\000e\000s\000\040\000r\000e\000c\000i\000e\000n\000t\000e\000s\000\040\000e\000n\000\040\000t\000\351\000c\000n\000i\000c\000a\000s\000\040\000d\000e\000\040\000s\000u\000s\000t\000r\000a\000c\000c\000i\000\363\000n\000\040\000d\000e\000\040\000i\000m\000\341\000g\000e\000n\000e\000s}{}% 28
\BOOKMARK [1][-]{section.4.1}{\376\377\000S\000u\000s\000t\000r\000a\000c\000c\000i\000\363\000n\000\040\000d\000e\000\040\000i\000m\000\341\000g\000e\000n\000e\000s\000\040\000p\000a\000r\000a\000\040\000t\000e\000l\000e\000s\000c\000o\000p\000i\000o\000s\000\040\000e\000s\000p\000a\000c\000i\000a\000l\000e\000s\000.}{chapter.4}% 29
\BOOKMARK [1][-]{section.4.2}{\376\377\000O\000p\000t\000i\000m\000i\000z\000a\000c\000i\000\363\000n\000\040\000d\000e\000\040\000l\000a\000\040\000i\000m\000a\000g\000e\000n\000\040\000d\000e\000\040\000r\000e\000f\000e\000r\000e\000n\000c\000i\000a\000\040\000y\000\040\000d\000i\000r\000e\000c\000c\000i\000\363\000n\000\040\000d\000e\000\040\000s\000u\000s\000t\000r\000a\000c\000c\000i\000\363\000n\000.}{chapter.4}% 30
\BOOKMARK [1][-]{section.4.3}{\376\377\000P\000i\000p\000e\000l\000i\000n\000e\000\040\000d\000e\000\040\000p\000r\000o\000c\000e\000s\000a\000m\000i\000e\000n\000t\000o\000\040\000e\000n\000\040\000t\000i\000e\000m\000p\000o\000\040\000r\000e\000a\000l\000.}{chapter.4}% 31
\BOOKMARK [0][-]{appendix*.15}{\376\377\000B\000i\000b\000l\000i\000o\000g\000r\000a\000f\000\355\000a}{}% 32
