This is pdfTeX, Version 3.141592653-2.6-1.40.25 (TeX Live 2023/Debian) (preloaded format=pdflatex 2025.9.23)  14 OCT 2025 16:44
entering extended mode
 restricted \write18 enabled.
 %&-line parsing enabled.
**Tesis
(./Tesis.tex
LaTeX2e <2023-11-01> patch level 1
L3 programming layer <2024-01-22>
(/usr/share/texlive/texmf-dist/tex/latex/base/book.cls
Document Class: book 2023/05/17 v1.4n Standard LaTeX document class
(/usr/share/texlive/texmf-dist/tex/latex/base/bk11.clo
File: bk11.clo 2023/05/17 v1.4n Standard LaTeX file (size option)
)
\c@part=\count187
\c@chapter=\count188
\c@section=\count189
\c@subsection=\count190
\c@subsubsection=\count191
\c@paragraph=\count192
\c@subparagraph=\count193
\c@figure=\count194
\c@table=\count195
\abovecaptionskip=\skip48
\belowcaptionskip=\skip49
\bibindent=\dimen140
)

LaTeX Warning: \include should only be used after \begin{document} on input lin
e 75.

(./config.tex) (./TeXiS/TeXiS.sty
Package: TeXiS/TeXiS 

(/usr/share/texlive/texmf-dist/tex/latex/tools/verbatim.sty
Package: verbatim 2023-11-06 v1.5v LaTeX2e package for verbatim enhancements
\every@verbatim=\toks17
\verbatim@line=\toks18
\verbatim@in@stream=\read2
)
\example@out=\write3


LaTeX Warning: \include should only be used after \begin{document} on input lin
e 460.

(./TeXiS/TeXiS_pream.tex

! LaTeX Error: File `glosstex.sty' not found.

Type X to quit or <RETURN> to proceed,
or enter new name. (Default extension: sty)

Enter file name: 
(/usr/share/texlive/texmf-dist/tex/latex/base/shortvrb.sty
Package: shortvrb 2022/11/13 v3.0m Standard LaTeX documentation package V3 (FMi
)
)
(/usr/share/texlive/texmf-dist/tex/latex/base/inputenc.sty
Package: inputenc 2021/02/14 v1.3d Input encoding file
\inpenc@prehook=\toks19
\inpenc@posthook=\toks20

(/usr/share/texlive/texmf-dist/tex/latex/base/latin1.def
File: latin1.def 2021/02/14 v1.3d Input encoding file
))
(/usr/share/texlive/texmf-dist/tex/latex/natbib/natbib.sty
Package: natbib 2010/09/13 8.31b (PWD, AO)
\bibhang=\skip50
\bibsep=\skip51
LaTeX Info: Redefining \cite on input line 694.
\c@NAT@ctr=\count196
)
(/usr/share/texlive/texmf-dist/tex/generic/babel/babel.sty
Package: babel 2024/01/07 v24.1 The Babel package
\babel@savecnt=\count197
\U@D=\dimen141
\l@unhyphenated=\language89

(/usr/share/texlive/texmf-dist/tex/generic/babel/txtbabel.def)
\bbl@readstream=\read3
\bbl@dirlevel=\count198

(/usr/share/texlive/texmf-dist/tex/generic/babel-spanish/spanish.ldf
Language: spanish.ldf 2021/05/27 v5.0q Spanish support from the babel system
\es@quottoks=\toks21
\es@quotdepth=\count199
Package babel Info: Making " an active character on input line 570.
Package babel Info: Making . an active character on input line 675.
Package babel Info: Making < an active character on input line 722.
Package babel Info: Making > an active character on input line 722.
Package babel Info: Making ' an active character on input line 740.
))
(/usr/share/texlive/texmf-dist/tex/generic/babel/locale/es/babel-spanish.tex
Package babel Info: Importing font and identification data for spanish
(babel)             from babel-es.ini. Reported on input line 11.
)
(/usr/share/texlive/texmf-dist/tex/latex/url/url.sty
\Urlmuskip=\muskip16
Package: url 2013/09/16  ver 3.4  Verb mode for urls, etc.
)
(/usr/share/texlive/texmf-dist/tex/generic/iftex/ifpdf.sty
Package: ifpdf 2019/10/25 v3.4 ifpdf legacy package. Use iftex instead.

(/usr/share/texlive/texmf-dist/tex/generic/iftex/iftex.sty
Package: iftex 2022/02/03 v1.0f TeX engine tests
))
(/usr/share/texlive/texmf-dist/tex/latex/hyperref/hyperref.sty
Package: hyperref 2024-01-20 v7.01h Hypertext links for LaTeX

(/usr/share/texlive/texmf-dist/tex/latex/graphics/keyval.sty
Package: keyval 2022/05/29 v1.15 key=value parser (DPC)
\KV@toks@=\toks22
)
(/usr/share/texlive/texmf-dist/tex/latex/kvsetkeys/kvsetkeys.sty
Package: kvsetkeys 2022-10-05 v1.19 Key value parser (HO)
)
(/usr/share/texlive/texmf-dist/tex/generic/kvdefinekeys/kvdefinekeys.sty
Package: kvdefinekeys 2019-12-19 v1.6 Define keys (HO)
)
(/usr/share/texlive/texmf-dist/tex/generic/pdfescape/pdfescape.sty
Package: pdfescape 2019/12/09 v1.15 Implements pdfTeX's escape features (HO)

(/usr/share/texlive/texmf-dist/tex/generic/ltxcmds/ltxcmds.sty
Package: ltxcmds 2023-12-04 v1.26 LaTeX kernel commands for general use (HO)
)
(/usr/share/texlive/texmf-dist/tex/generic/pdftexcmds/pdftexcmds.sty
Package: pdftexcmds 2020-06-27 v0.33 Utility functions of pdfTeX for LuaTeX (HO
)

(/usr/share/texlive/texmf-dist/tex/generic/infwarerr/infwarerr.sty
Package: infwarerr 2019/12/03 v1.5 Providing info/warning/error messages (HO)
)
Package pdftexcmds Info: \pdf@primitive is available.
Package pdftexcmds Info: \pdf@ifprimitive is available.
Package pdftexcmds Info: \pdfdraftmode found.
))
(/usr/share/texlive/texmf-dist/tex/latex/hycolor/hycolor.sty
Package: hycolor 2020-01-27 v1.10 Color options for hyperref/bookmark (HO)
)
(/usr/share/texlive/texmf-dist/tex/latex/auxhook/auxhook.sty
Package: auxhook 2019-12-17 v1.6 Hooks for auxiliary files (HO)
)
(/usr/share/texlive/texmf-dist/tex/latex/hyperref/nameref.sty
Package: nameref 2023-11-26 v2.56 Cross-referencing by name of section

(/usr/share/texlive/texmf-dist/tex/latex/refcount/refcount.sty
Package: refcount 2019/12/15 v3.6 Data extraction from label references (HO)
)
(/usr/share/texlive/texmf-dist/tex/generic/gettitlestring/gettitlestring.sty
Package: gettitlestring 2019/12/15 v1.6 Cleanup title references (HO)

(/usr/share/texlive/texmf-dist/tex/latex/kvoptions/kvoptions.sty
Package: kvoptions 2022-06-15 v3.15 Key value format for package options (HO)
))
\c@section@level=\count266
)
(/usr/share/texlive/texmf-dist/tex/latex/etoolbox/etoolbox.sty
Package: etoolbox 2020/10/05 v2.5k e-TeX tools for LaTeX (JAW)
\etb@tempcnta=\count267
)
\@linkdim=\dimen142
\Hy@linkcounter=\count268
\Hy@pagecounter=\count269

(/usr/share/texlive/texmf-dist/tex/latex/hyperref/pd1enc.def
File: pd1enc.def 2024-01-20 v7.01h Hyperref: PDFDocEncoding definition (HO)
Now handling font encoding PD1 ...
... no UTF-8 mapping file for font encoding PD1
)
(/usr/share/texlive/texmf-dist/tex/generic/intcalc/intcalc.sty
Package: intcalc 2019/12/15 v1.3 Expandable calculations with integers (HO)
)
\Hy@SavedSpaceFactor=\count270

(/usr/share/texlive/texmf-dist/tex/latex/hyperref/puenc.def
File: puenc.def 2024-01-20 v7.01h Hyperref: PDF Unicode definition (HO)
Now handling font encoding PU ...
... no UTF-8 mapping file for font encoding PU
)

Package hyperref Warning: Invalid value `0'
(hyperref)                for option `pdfborder'.
(hyperref)                Option setting is ignored on input line 4062.

Package hyperref Info: Option `colorlinks' set `true' on input line 4062.
Package hyperref Info: Option `hyperindex' set `true' on input line 4062.
Package hyperref Info: Option `pdfpagelabels' set `true' on input line 4062.
Package hyperref Info: Hyper figures OFF on input line 4179.
Package hyperref Info: Link nesting OFF on input line 4184.
Package hyperref Info: Hyper index ON on input line 4187.
Package hyperref Info: Plain pages OFF on input line 4194.
Package hyperref Info: Backreferencing OFF on input line 4199.
Package hyperref Info: Implicit mode ON; LaTeX internals redefined.
Package hyperref Info: Bookmarks ON on input line 4446.
\c@Hy@tempcnt=\count271
LaTeX Info: Redefining \url on input line 4784.
\XeTeXLinkMargin=\dimen143
(/usr/share/texlive/texmf-dist/tex/generic/bitset/bitset.sty
Package: bitset 2019/12/09 v1.3 Handle bit-vector datatype (HO)

(/usr/share/texlive/texmf-dist/tex/generic/bigintcalc/bigintcalc.sty
Package: bigintcalc 2019/12/15 v1.5 Expandable calculations on big integers (HO
)
))
\Fld@menulength=\count272
\Field@Width=\dimen144
\Fld@charsize=\dimen145
Package hyperref Info: Hyper figures OFF on input line 6063.
Package hyperref Info: Link nesting OFF on input line 6068.
Package hyperref Info: Hyper index ON on input line 6071.
Package hyperref Info: backreferencing OFF on input line 6078.
Package hyperref Info: Link coloring ON on input line 6081.
Package hyperref Info: Link coloring with OCG OFF on input line 6088.
Package hyperref Info: PDF/A mode OFF on input line 6093.

(/usr/share/texlive/texmf-dist/tex/latex/base/atbegshi-ltx.sty
Package: atbegshi-ltx 2021/01/10 v1.0c Emulation of the original atbegshi
package with kernel methods
)
\Hy@abspage=\count273
\c@Item=\count274
\c@Hfootnote=\count275
)
Package hyperref Info: Driver (autodetected): hpdftex.

(/usr/share/texlive/texmf-dist/tex/latex/hyperref/hpdftex.def
File: hpdftex.def 2024-01-20 v7.01h Hyperref driver for pdfTeX

(/usr/share/texlive/texmf-dist/tex/latex/base/atveryend-ltx.sty
Package: atveryend-ltx 2020/08/19 v1.0a Emulation of the original atveryend pac
kage
with kernel methods
)
\Fld@listcount=\count276
\c@bookmark@seq@number=\count277

(/usr/share/texlive/texmf-dist/tex/latex/rerunfilecheck/rerunfilecheck.sty
Package: rerunfilecheck 2022-07-10 v1.10 Rerun checks for auxiliary files (HO)

(/usr/share/texlive/texmf-dist/tex/generic/uniquecounter/uniquecounter.sty
Package: uniquecounter 2019/12/15 v1.4 Provide unlimited unique counter (HO)
)
Package uniquecounter Info: New unique counter `rerunfilecheck' on input line 2
85.
)
\Hy@SectionHShift=\skip52
)
Package hyperref Info: Option `colorlinks' set `false' on input line 268.

(/usr/share/texlive/texmf-dist/tex/latex/base/makeidx.sty
Package: makeidx 2021/10/04 v1.0m Standard LaTeX package
)
\@indexfile=\write4
\openout4 = `Tesis.idx'.


Writing index file Tesis.idx
(/usr/share/texlive/texmf-dist/tex/latex/tools/multicol.sty
Package: multicol 2023/03/30 v1.9f multicolumn formatting (FMi)
\c@tracingmulticols=\count278
\mult@box=\box51
\multicol@leftmargin=\dimen146
\c@unbalance=\count279
\c@collectmore=\count280
\doublecol@number=\count281
\multicoltolerance=\count282
\multicolpretolerance=\count283
\full@width=\dimen147
\page@free=\dimen148
\premulticols=\dimen149
\postmulticols=\dimen150
\multicolsep=\skip53
\multicolbaselineskip=\skip54
\partial@page=\box52
\last@line=\box53
\mc@boxedresult=\box54
\maxbalancingoverflow=\dimen151
\mult@rightbox=\box55
\mult@grightbox=\box56
\mult@firstbox=\box57
\mult@gfirstbox=\box58
\@tempa=\box59
\@tempa=\box60
\@tempa=\box61
\@tempa=\box62
\@tempa=\box63
\@tempa=\box64
\@tempa=\box65
\@tempa=\box66
\@tempa=\box67
\@tempa=\box68
\@tempa=\box69
\@tempa=\box70
\@tempa=\box71
\@tempa=\box72
\@tempa=\box73
\@tempa=\box74
\@tempa=\box75
\@tempa=\box76
\@tempa=\box77
\@tempa=\box78
\@tempa=\box79
\@tempa=\box80
\@tempa=\box81
\@tempa=\box82
\@tempa=\box83
\@tempa=\box84
\@tempa=\box85
\@tempa=\box86
\@tempa=\box87
\@tempa=\box88
\@tempa=\box89
\@tempa=\box90
\@tempa=\box91
\@tempa=\box92
\@tempa=\box93
\@tempa=\box94
\c@minrows=\count284
\c@columnbadness=\count285
\c@finalcolumnbadness=\count286
\last@try=\dimen152
\multicolovershoot=\dimen153
\multicolundershoot=\dimen154
\mult@nat@firstbox=\box95
\colbreak@box=\box96
\mc@col@check@num=\count287
)
(/usr/share/texlive/texmf-dist/tex/latex/subfig/subfig.sty
Package: subfig 2005/06/28 ver: 1.3 subfig package

(/usr/share/texlive/texmf-dist/tex/latex/caption/caption.sty
Package: caption 2023/08/05 v3.6o Customizing captions (AR)

(/usr/share/texlive/texmf-dist/tex/latex/caption/caption3.sty
Package: caption3 2023/07/31 v2.4d caption3 kernel (AR)
\caption@tempdima=\dimen155
\captionmargin=\dimen156
\caption@leftmargin=\dimen157
\caption@rightmargin=\dimen158
\caption@width=\dimen159
\caption@indent=\dimen160
\caption@parindent=\dimen161
\caption@hangindent=\dimen162
Package caption Info: Standard document class detected.
)
\c@caption@flags=\count288
\c@continuedfloat=\count289
Package caption Info: hyperref package is loaded.
)
\c@KVtest=\count290
\sf@farskip=\skip55
\sf@captopadj=\dimen163
\sf@capskip=\skip56
\sf@nearskip=\skip57
\c@subfigure=\count291
\c@subfigure@save=\count292
\c@lofdepth=\count293
\c@subtable=\count294
\c@subtable@save=\count295
\c@lotdepth=\count296
\sf@top=\skip58
\sf@bottom=\skip59
)
\sf@box=\box97

(/usr/share/texlive/texmf-dist/tex/latex/listings/listings.sty
\lst@mode=\count297
\lst@gtempboxa=\box98
\lst@token=\toks23
\lst@length=\count298
\lst@currlwidth=\dimen164
\lst@column=\count299
\lst@pos=\count300
\lst@lostspace=\dimen165
\lst@width=\dimen166
\lst@newlines=\count301
\lst@lineno=\count302
\lst@maxwidth=\dimen167

(/usr/share/texlive/texmf-dist/tex/latex/listings/lstmisc.sty
File: lstmisc.sty 2023/02/27 1.9 (Carsten Heinz)
\c@lstnumber=\count303
\lst@skipnumbers=\count304
\lst@framebox=\box99
)
(/usr/share/texlive/texmf-dist/tex/latex/listings/listings.cfg
File: listings.cfg 2023/02/27 1.9 listings configuration
))
Package: listings 2023/02/27 1.9 (Carsten Heinz)

(/usr/share/texlive/texmf-dist/tex/latex/tools/tabularx.sty
Package: tabularx 2023/07/08 v2.11c `tabularx' package (DPC)

(/usr/share/texlive/texmf-dist/tex/latex/tools/array.sty
Package: array 2023/10/16 v2.5g Tabular extension package (FMi)
\col@sep=\dimen168
\ar@mcellbox=\box100
\extrarowheight=\dimen169
\NC@list=\toks24
\extratabsurround=\skip60
\backup@length=\skip61
\ar@cellbox=\box101
)
\TX@col@width=\dimen170
\TX@old@table=\dimen171
\TX@old@col=\dimen172
\TX@target=\dimen173
\TX@delta=\dimen174
\TX@cols=\count305
\TX@ftn=\toks25
)
(/usr/share/texlive/texmf-dist/tex/latex/base/fontenc.sty
Package: fontenc 2021/04/29 v2.0v Standard LaTeX package
)
(/usr/share/texlive/texmf-dist/tex/latex/graphics/epsfig.sty
Package: epsfig 2017/06/25 v1.7b (e)psfig emulation (SPQR)

(/usr/share/texlive/texmf-dist/tex/latex/graphics/graphicx.sty
Package: graphicx 2021/09/16 v1.2d Enhanced LaTeX Graphics (DPC,SPQR)

(/usr/share/texlive/texmf-dist/tex/latex/graphics/graphics.sty
Package: graphics 2022/03/10 v1.4e Standard LaTeX Graphics (DPC,SPQR)

(/usr/share/texlive/texmf-dist/tex/latex/graphics/trig.sty
Package: trig 2021/08/11 v1.11 sin cos tan (DPC)
)
(/usr/share/texlive/texmf-dist/tex/latex/graphics-cfg/graphics.cfg
File: graphics.cfg 2016/06/04 v1.11 sample graphics configuration
)
Package graphics Info: Driver file: pdftex.def on input line 107.

(/usr/share/texlive/texmf-dist/tex/latex/graphics-def/pdftex.def
File: pdftex.def 2022/09/22 v1.2b Graphics/color driver for pdftex
))
\Gin@req@height=\dimen175
\Gin@req@width=\dimen176
)
\epsfxsize=\dimen177
\epsfysize=\dimen178
)
(/usr/share/texlive/texmf-dist/tex/latex/tools/calc.sty
Package: calc 2023/07/08 v4.3 Infix arithmetic (KKT,FJ)
\calc@Acount=\count306
\calc@Bcount=\count307
\calc@Adimen=\dimen179
\calc@Bdimen=\dimen180
\calc@Askip=\skip62
\calc@Bskip=\skip63
LaTeX Info: Redefining \setlength on input line 80.
LaTeX Info: Redefining \addtolength on input line 81.
\calc@Ccount=\count308
\calc@Cskip=\skip64
)
(/usr/share/texlive/texmf-dist/tex/latex/titlesec/titlesec.sty
Package: titlesec 2023/10/27 v2.16 Sectioning titles
\ttl@box=\box102
\beforetitleunit=\skip65
\aftertitleunit=\skip66
\ttl@plus=\dimen181
\ttl@minus=\dimen182
\ttl@toksa=\toks26
\titlewidth=\dimen183
\titlewidthlast=\dimen184
\titlewidthfirst=\dimen185
))

LaTeX Warning: \include should only be used after \begin{document} on input lin
e 464.

(./TeXiS/TeXiS_cab.tex
(/usr/share/texlive/texmf-dist/tex/latex/fancyhdr/fancyhdr.sty
Package: fancyhdr 2022/11/09 v4.1 Extensive control of page headers and footers

\f@nch@headwidth=\skip67
\f@nch@O@elh=\skip68
\f@nch@O@erh=\skip69
\f@nch@O@olh=\skip70
\f@nch@O@orh=\skip71
\f@nch@O@elf=\skip72
\f@nch@O@erf=\skip73
\f@nch@O@olf=\skip74
\f@nch@O@orf=\skip75
))

LaTeX Warning: \include should only be used after \begin{document} on input lin
e 467.

(./TeXiS/TeXiS_cover.tex)

LaTeX Warning: \include should only be used after \begin{document} on input lin
e 470.

(./TeXiS/TeXiS_dedic.tex)

LaTeX Warning: \include should only be used after \begin{document} on input lin
e 473.

(./TeXiS/TeXiS_bib.tex))
(/usr/share/texlive/texmf-dist/tex/latex/amsmath/amsmath.sty
Package: amsmath 2023/05/13 v2.17o AMS math features
\@mathmargin=\skip76

For additional information on amsmath, use the `?' option.
(/usr/share/texlive/texmf-dist/tex/latex/amsmath/amstext.sty
Package: amstext 2021/08/26 v2.01 AMS text

(/usr/share/texlive/texmf-dist/tex/latex/amsmath/amsgen.sty
File: amsgen.sty 1999/11/30 v2.0 generic functions
\@emptytoks=\toks27
\ex@=\dimen186
))
(/usr/share/texlive/texmf-dist/tex/latex/amsmath/amsbsy.sty
Package: amsbsy 1999/11/29 v1.2d Bold Symbols
\pmbraise@=\dimen187
)
(/usr/share/texlive/texmf-dist/tex/latex/amsmath/amsopn.sty
Package: amsopn 2022/04/08 v2.04 operator names
)
\inf@bad=\count309
LaTeX Info: Redefining \frac on input line 234.
\uproot@=\count310
\leftroot@=\count311
LaTeX Info: Redefining \overline on input line 399.
LaTeX Info: Redefining \colon on input line 410.
\classnum@=\count312
\DOTSCASE@=\count313
LaTeX Info: Redefining \ldots on input line 496.
LaTeX Info: Redefining \dots on input line 499.
LaTeX Info: Redefining \cdots on input line 620.
\Mathstrutbox@=\box103
\strutbox@=\box104
LaTeX Info: Redefining \big on input line 722.
LaTeX Info: Redefining \Big on input line 723.
LaTeX Info: Redefining \bigg on input line 724.
LaTeX Info: Redefining \Bigg on input line 725.
\big@size=\dimen188
LaTeX Font Info:    Redeclaring font encoding OML on input line 743.
LaTeX Font Info:    Redeclaring font encoding OMS on input line 744.
\macc@depth=\count314
LaTeX Info: Redefining \bmod on input line 905.
LaTeX Info: Redefining \pmod on input line 910.
LaTeX Info: Redefining \smash on input line 940.
LaTeX Info: Redefining \relbar on input line 970.
LaTeX Info: Redefining \Relbar on input line 971.
\c@MaxMatrixCols=\count315
\dotsspace@=\muskip17
\c@parentequation=\count316
\dspbrk@lvl=\count317
\tag@help=\toks28
\row@=\count318
\column@=\count319
\maxfields@=\count320
\andhelp@=\toks29
\eqnshift@=\dimen189
\alignsep@=\dimen190
\tagshift@=\dimen191
\tagwidth@=\dimen192
\totwidth@=\dimen193
\lineht@=\dimen194
\@envbody=\toks30
\multlinegap=\skip77
\multlinetaggap=\skip78
\mathdisplay@stack=\toks31
LaTeX Info: Redefining \[ on input line 2953.
LaTeX Info: Redefining \] on input line 2954.
)
(/usr/share/texlive/texmf-dist/tex/latex/multirow/multirow.sty
Package: multirow 2021/03/15 v2.8 Span multiple rows of a table
\multirow@colwidth=\skip79
\multirow@cntb=\count321
\multirow@dima=\skip80
\bigstrutjot=\dimen195
)

LaTeX Warning: \include should only be used after \begin{document} on input lin
e 85.

(./constantes.tex)
Copyright Marco Antonio and Pedro Pablo Gomez Martin
(/usr/share/texlive/texmf-dist/tex/latex/l3backend/l3backend-pdftex.def
File: l3backend-pdftex.def 2024-01-04 L3 backend support: PDF output (pdfTeX)
\l__color_backend_stack_int=\count322
\l__pdf_internal_box=\box105
)
(./Tesis.aux (./Cascaras/cover.aux)
LaTeX Info: Redefining \. on input line 13.
LaTeX Info: Redefining \% on input line 13.
 (./TeXiS/TeXiS_toc.aux)
(./Capitulos/01Capitulo1.aux

LaTeX Warning: Label `fig:varclass' multiply defined.

) (./Capitulos/02Capitulo2.aux

LaTeX Warning: Label `cap2' multiply defined.


LaTeX Warning: Label `fig:varclass' multiply defined.


LaTeX Warning: Label `fig:per-lum;' multiply defined.

) (./Capitulos/03Capitulo3.aux) (./Capitulos/04Capitulo4.aux)
(./Cascaras/bibliografia.aux))
\openout1 = `Tesis.aux'.

LaTeX Font Info:    Checking defaults for OML/cmm/m/it on input line 109.
LaTeX Font Info:    ... okay on input line 109.
LaTeX Font Info:    Checking defaults for OMS/cmsy/m/n on input line 109.
LaTeX Font Info:    ... okay on input line 109.
LaTeX Font Info:    Checking defaults for OT1/cmr/m/n on input line 109.
LaTeX Font Info:    ... okay on input line 109.
LaTeX Font Info:    Checking defaults for T1/cmr/m/n on input line 109.
LaTeX Font Info:    ... okay on input line 109.
LaTeX Font Info:    Checking defaults for TS1/cmr/m/n on input line 109.
LaTeX Font Info:    ... okay on input line 109.
LaTeX Font Info:    Checking defaults for OMX/cmex/m/n on input line 109.
LaTeX Font Info:    ... okay on input line 109.
LaTeX Font Info:    Checking defaults for U/cmr/m/n on input line 109.
LaTeX Font Info:    ... okay on input line 109.
LaTeX Font Info:    Checking defaults for PD1/pdf/m/n on input line 109.
LaTeX Font Info:    ... okay on input line 109.
LaTeX Font Info:    Checking defaults for PU/pdf/m/n on input line 109.
LaTeX Font Info:    ... okay on input line 109.
LaTeX Info: Redefining \. on input line 109.
LaTeX Info: Redefining \% on input line 109.
Package hyperref Info: Link coloring OFF on input line 109.
 (./Tesis.out) (./Tesis.out)
\@outlinefile=\write5
\openout5 = `Tesis.out'.

Package caption Info: Begin \AtBeginDocument code.
Package caption Info: subfig package v1.3 is loaded.
Package caption Info: listings package is loaded.
Package caption Info: End \AtBeginDocument code.
\c@lstlisting=\count323

(/usr/share/texlive/texmf-dist/tex/context/base/mkii/supp-pdf.mkii
[Loading MPS to PDF converter (version 2006.09.02).]
\scratchcounter=\count324
\scratchdimen=\dimen196
\scratchbox=\box106
\nofMPsegments=\count325
\nofMParguments=\count326
\everyMPshowfont=\toks32
\MPscratchCnt=\count327
\MPscratchDim=\dimen197
\MPnumerator=\count328
\makeMPintoPDFobject=\count329
\everyMPtoPDFconversion=\toks33
) (/usr/share/texlive/texmf-dist/tex/latex/epstopdf-pkg/epstopdf-base.sty
Package: epstopdf-base 2020-01-24 v2.11 Base part for package epstopdf
Package epstopdf-base Info: Redefining graphics rule for `.eps' on input line 4
85.

(/usr/share/texlive/texmf-dist/tex/latex/latexconfig/epstopdf-sys.cfg
File: epstopdf-sys.cfg 2010/07/13 v1.3 Configuration of (r)epstopdf for TeX Liv
e
))
(./guionado.tex)
\openout2 = `Cascaras/cover.aux'.

 (./Cascaras/cover.tex
\cambioIzquierdo=\skip81
\cambioDerecho=\skip82
\margenPortada=\skip83
\evensidemarginOriginal=\skip84
\oddsidemarginOriginal=\skip85
\longTitulo=\skip86
<Imagenes/Vectorial/escudoUABC.png, id=132, 316.3017pt x 394.8351pt>
File: Imagenes/Vectorial/escudoUABC.png Graphic file (type png)
<use Imagenes/Vectorial/escudoUABC.png>
Package pdftex.def Info: Imagenes/Vectorial/escudoUABC.png  used on input line 
164.
(pdftex.def)             Requested size: 189.78247pt x 236.90288pt.
 [1



{/var/lib/texmf/fonts/map/pdftex/updmap/pdftex.map}{/usr/share/texmf/fonts/enc/
dvips/cm-super/cm-super-t1.enc} <./Imagenes/Vectorial/escudoUABC.png>] [2] [3])
 [4]
\openout2 = `TeXiS/TeXiS_toc.aux'.

 (./TeXiS/TeXiS_toc.tex
(./Tesis.toc
LaTeX Info: Redefining \. on input line 1.
LaTeX Info: Redefining \% on input line 1.
 [5




])
\tf@toc=\write6
\openout6 = `Tesis.toc'.

 [6] (./Tesis.lof
LaTeX Info: Redefining \. on input line 1.
LaTeX Info: Redefining \% on input line 1.
)
\tf@lof=\write7
\openout7 = `Tesis.lof'.

 [7

] [8

] (./Tesis.lot
LaTeX Info: Redefining \. on input line 1.
LaTeX Info: Redefining \% on input line 1.
)
\tf@lot=\write8
\openout8 = `Tesis.lot'.

 [9]) [10



]
\openout2 = `Capitulos/01Capitulo1.aux'.


(./Capitulos/01Capitulo1.tex
Cap\'itulo 1.
<Imagenes/fotoCCD/espectro-electro.png, id=256, 1606.0pt x 644.4075pt>
File: Imagenes/fotoCCD/espectro-electro.png Graphic file (type png)
<use Imagenes/fotoCCD/espectro-electro.png>
Package pdftex.def Info: Imagenes/fotoCCD/espectro-electro.png  used on input l
ine 41.
(pdftex.def)             Requested size: 323.9978pt x 130.00015pt.
[1


]
<Imagenes/fotoCCD/plot-profile.png, id=272, 501.875pt x 325.215pt>
File: Imagenes/fotoCCD/plot-profile.png Graphic file (type png)
<use Imagenes/fotoCCD/plot-profile.png>
Package pdftex.def Info: Imagenes/fotoCCD/plot-profile.png  used on input line 
88.
(pdftex.def)             Requested size: 323.9978pt x 209.96304pt.
LaTeX Info: Redefining \. on input line 88.
LaTeX Info: Redefining \% on input line 88.
 [2 <./Imagenes/fotoCCD/espectro-electro.png (PNG copy)>]
Underfull \vbox (badness 10000) has occurred while \output is active []

LaTeX Info: Redefining \. on input line 123.
LaTeX Info: Redefining \% on input line 123.
 [3 <./Imagenes/fotoCCD/plot-profile.png (PNG copy)>]
LaTeX Info: Redefining \. on input line 169.
LaTeX Info: Redefining \% on input line 169.
 [4]
<Imagenes/PSF/Convolution_Illustrated_eng.png, id=293, 299.1175pt x 273.02pt>
File: Imagenes/PSF/Convolution_Illustrated_eng.png Graphic file (type png)
<use Imagenes/PSF/Convolution_Illustrated_eng.png>
Package pdftex.def Info: Imagenes/PSF/Convolution_Illustrated_eng.png  used on 
input line 183.
(pdftex.def)             Requested size: 180.0pt x 164.29651pt.
<Imagenes/PSF/Huygens-Fresnel.png, id=296, 1927.2pt x 1233.60875pt>
File: Imagenes/PSF/Huygens-Fresnel.png Graphic file (type png)
<use Imagenes/PSF/Huygens-Fresnel.png>
Package pdftex.def Info: Imagenes/PSF/Huygens-Fresnel.png  used on input line 1
91.
(pdftex.def)             Requested size: 323.9978pt x 207.37662pt.
)
LaTeX Info: Redefining \. on input line 143.
LaTeX Info: Redefining \% on input line 143.
 [5 <./Imagenes/PSF/Convolution_Illustrated_eng.png>]
LaTeX Info: Redefining \. on input line 143.
LaTeX Info: Redefining \% on input line 143.
 [6 <./Imagenes/PSF/Huygens-Fresnel.png>]
\openout2 = `Capitulos/02Capitulo2.aux'.


(./Capitulos/02Capitulo2.tex
Cap\'itulo 2.
[7




]
LaTeX Info: Redefining \. on input line 92.
LaTeX Info: Redefining \% on input line 92.
 [8]

LaTeX Warning: No positions in optional float specifier.
               Default added (so using `tbp') on input line 130.

LaTeX Info: Redefining \. on input line 174.
LaTeX Info: Redefining \% on input line 174.
[9]
<Imagenes/Variables/classification_of_variable_stars_2.png, id=338, 845.40843pt
 x 597.73312pt>
File: Imagenes/Variables/classification_of_variable_stars_2.png Graphic file (t
ype png)
<use Imagenes/Variables/classification_of_variable_stars_2.png>
Package pdftex.def Info: Imagenes/Variables/classification_of_variable_stars_2.
png  used on input line 176.
(pdftex.def)             Requested size: 323.9978pt x 229.07452pt.
LaTeX Info: Redefining \. on input line 195.
LaTeX Info: Redefining \% on input line 195.
 [10]
LaTeX Info: Redefining \. on input line 218.
LaTeX Info: Redefining \% on input line 218.
 [11 <./Imagenes/Variables/classification_of_variable_stars_2.png>]
<Imagenes/Variables/mira_a.png, id=353, 968.61874pt x 646.415pt>
File: Imagenes/Variables/mira_a.png Graphic file (type png)
<use Imagenes/Variables/mira_a.png>
Package pdftex.def Info: Imagenes/Variables/mira_a.png  used on input line 258.

(pdftex.def)             Requested size: 151.19934pt x 100.90346pt.
<Imagenes/Variables/mira_b.png, id=354, 965.6075pt x 637.38126pt>
File: Imagenes/Variables/mira_b.png Graphic file (type png)
<use Imagenes/Variables/mira_b.png>
Package pdftex.def Info: Imagenes/Variables/mira_b.png  used on input line 264.

(pdftex.def)             Requested size: 151.19934pt x 99.80453pt.

Underfull \vbox (badness 2245) has occurred while \output is active []

LaTeX Info: Redefining \. on input line 279.
LaTeX Info: Redefining \% on input line 279.
 [12 <./Imagenes/Variables/mira_a.png> <./Imagenes/Variables/mira_b.png>]
<Imagenes/Variables/per-lum-ceph.png, id=370, 502.87875pt x 309.155pt>
File: Imagenes/Variables/per-lum-ceph.png Graphic file (type png)
<use Imagenes/Variables/per-lum-ceph.png>
Package pdftex.def Info: Imagenes/Variables/per-lum-ceph.png  used on input lin
e 289.
(pdftex.def)             Requested size: 323.9978pt x 199.18408pt.
<Imagenes/Variables/per-lum-rrlyrae.png, id=375, 448.67625pt x 340.27126pt>
File: Imagenes/Variables/per-lum-rrlyrae.png Graphic file (type png)
<use Imagenes/Variables/per-lum-rrlyrae.png>
Package pdftex.def Info: Imagenes/Variables/per-lum-rrlyrae.png  used on input 
line 303.
(pdftex.def)             Requested size: 323.9978pt x 245.722pt.
LaTeX Info: Redefining \. on input line 310.
LaTeX Info: Redefining \% on input line 310.
 [13 <./Imagenes/Variables/per-lum-ceph.png (PNG copy)>]
! Misplaced alignment tab character &.
l.329 los de Jurcsik &
                       Kovacs 1996 (https://ui.adsabs.harvard.edu/abs/1996A%...

? 
! Missing $ inserted.
<inserted text> 
                $
l.330 ...https://acta.astrouw.edu.pl/Vol55/n1/pap_
                                                  55_1_3.pdf)
? 
! Double subscript.
l.330 ...://acta.astrouw.edu.pl/Vol55/n1/pap_55_1_
                                                  3.pdf)
? 
! Missing $ inserted.
<inserted text> 
                $
l.332 
      
? 

Overfull \hbox (130.01834pt too wide) in paragraph at lines 327--332
\T1/cmr/m/n/10.95 me-ta-li-ci-dad en tra-ba-jos co-mo los de Jurc-sik  Ko-vacs 
1996 (https://ui.adsabs.harvard.edu/abs/1996Apara
 []


Overfull \hbox (114.92363pt too wide) in paragraph at lines 327--332
\T1/cmr/m/n/10.95 cir-vas en el fil-tro V y Smo-lec 2005 (https://acta.astrouw.
edu.pl/Vol55/n1/pap$[]\OT1/cmr/m/n/10.95 5[][]\OML/cmm/m/it/10.95 :pdf\OT1/cmr/
m/n/10.95 )\OML/cmm/m/it/10.95 paraelfiltroI:$ 
 []

LaTeX Info: Redefining \. on input line 332.
LaTeX Info: Redefining \% on input line 332.
[14 <./Imagenes/Variables/per-lum-rrlyrae.png>]
Overfull \hbox (232.92844pt too wide) in paragraph at lines 339--345
\T1/cmr/m/n/10.95 cio-nar que apro-xi-ma-da-men-te un 50$ $% de es-tre-llas RRa
b (https://ui.adsabs.harvard.edu/abs/2009MNRAS.400.1006J/abstract)
 []


Overfull \hbox (2.72618pt too wide) in paragraph at lines 347--356
[]  \T1/cmr/bx/n/10.95 Firs-t-o-ver-to-ne pul-sa-tors (RRc stars) \T1/cmr/m/n/1
0.95 Tam-bien co-no-ci-das co-mo RRc
 []


Overfull \hbox (0.89914pt too wide) in paragraph at lines 359--361
[]  \T1/cmr/bx/n/10.95 Dou-ble--mo-de pul-sa-tors (RRd stars) \T1/cmr/m/n/10.95
 Tam-bien co-no-ci-das co-mo RRd
 []

LaTeX Info: Redefining \. on input line 379.
LaTeX Info: Redefining \% on input line 379.
[15]
LaTeX Info: Redefining \. on input line 422.
LaTeX Info: Redefining \% on input line 422.
 [16]
<Imagenes/Variables/eclipsantes.png, id=409, 1003.75pt x 441.65pt>
File: Imagenes/Variables/eclipsantes.png Graphic file (type png)
<use Imagenes/Variables/eclipsantes.png>
Package pdftex.def Info: Imagenes/Variables/eclipsantes.png  used on input line
 437.
(pdftex.def)             Requested size: 323.9978pt x 142.55739pt.
LaTeX Info: Redefining \. on input line 461.
LaTeX Info: Redefining \% on input line 461.
 [17 <./Imagenes/Variables/eclipsantes.png>]
LaTeX Info: Redefining \. on input line 507.
LaTeX Info: Redefining \% on input line 507.
 [18])
LaTeX Info: Redefining \. on input line 144.
LaTeX Info: Redefining \% on input line 144.
 [19]
\openout2 = `Capitulos/03Capitulo3.aux'.


(./Capitulos/03Capitulo3.tex [20




]
Cap\'itulo 3.
[21]
LaTeX Info: Redefining \. on input line 112.
LaTeX Info: Redefining \% on input line 112.
 [22]
LaTeX Font Info:    Trying to load font information for T1+cmtt on input line 1
52.
 (/usr/share/texlive/texmf-dist/tex/latex/base/t1cmtt.fd
File: t1cmtt.fd 2023/04/13 v2.5m Standard LaTeX font definitions
)
LaTeX Info: Redefining \. on input line 165.
LaTeX Info: Redefining \% on input line 165.
 [23]
<Imagenes/Subtraction/bicubic_interp.png, id=508, 363.60844pt x 289.08pt>
File: Imagenes/Subtraction/bicubic_interp.png Graphic file (type png)
<use Imagenes/Subtraction/bicubic_interp.png>
Package pdftex.def Info: Imagenes/Subtraction/bicubic_interp.png  used on input
 line 182.
(pdftex.def)             Requested size: 180.0pt x 143.11047pt.

Overfull \hbox (36.62154pt too wide) in paragraph at lines 184--188
\T1/cmr/m/n/10.95 me-dian-te \T1/cmtt/m/n/10.95 ./interp.csh \T1/cmr/m/n/10.95 
dan-do co-mo re-sul-ta-do una se-rie de im·-ge-nes \T1/cmtt/m/n/10.95 interp_*.
fits
 []


Underfull \vbox (badness 2334) has occurred while \output is active []

LaTeX Info: Redefining \. on input line 199.
LaTeX Info: Redefining \% on input line 199.
 [24 <./Imagenes/Subtraction/bicubic_interp.png (PNG copy)>]
Underfull \vbox (badness 10000) has occurred while \output is active []

LaTeX Info: Redefining \. on input line 250.
LaTeX Info: Redefining \% on input line 250.
 [25]
LaTeX Info: Redefining \. on input line 293.
LaTeX Info: Redefining \% on input line 293.

[26]
Overfull \hbox (6.14777pt too wide) in paragraph at lines 319--322
\T1/cmr/m/n/10.95 pos-te-rior al ajus-te de pa-r·-me-tros co-mo el ta-ma-Òo del
 ker-nel (\T1/cmtt/m/n/10.95 half_mesh_size\T1/cmr/m/n/10.95 )
 []

LaTeX Info: Redefining \. on input line 342.
LaTeX Info: Redefining \% on input line 342.
[27]
Overfull \hbox (15.11696pt too wide) in paragraph at lines 348--350
[]\T1/cmr/m/n/10.95 ISIS cons-tru-ye es-ta ima-gen de me-dia-na de di-fe-re-ni-
cias y el ar-chi-vo \T1/cmtt/m/n/10.95 phot.data
 []


Overfull \hbox (21.16454pt too wide) in paragraph at lines 385--388
[]\T1/cmr/m/n/10.95 Los pa-ra-me-tros fo-to-mÈ-tri-cos del pro-ce-so co-mo el r
a-dio de aper-tu-ra (\T1/cmtt/m/n/10.95 rad_aper\T1/cmr/m/n/10.95 )
 []

)
LaTeX Info: Redefining \. on input line 145.
LaTeX Info: Redefining \% on input line 145.
 [28]
\openout2 = `Capitulos/04Capitulo4.aux'.

 (./Capitulos/04Capitulo4.tex
Cap\'itulo 4.
[29




]
LaTeX Info: Redefining \. on input line 108.
LaTeX Info: Redefining \% on input line 108.


Package fancyhdr Warning: \headheight is too small (14.0pt): 
(fancyhdr)                Make it at least 25.22652pt, for example:
(fancyhdr)                \setlength{\headheight}{25.22652pt}.
(fancyhdr)                You might also make \topmargin smaller to compensate:

(fancyhdr)                \addtolength{\topmargin}{-11.22652pt}.

[30])
LaTeX Info: Redefining \. on input line 146.
LaTeX Info: Redefining \% on input line 146.
 [31] [32



]
\openout2 = `Cascaras/bibliografia.aux'.

 (./Cascaras/bibliografia.tex (./Tesis.bbl

! Package inputenc Error: Keyboard character used is undefined
(inputenc)                in inputencoding `latin1'.

See the inputenc package documentation for explanation.
Type  H <return>  for immediate help.
 ...                                              
                                                  
l.66   {\sc Iveziƒá
                   , ≈.}, {\sc Jackson, E.}, {\sc Jones, L.}, {\sc Juric, M....

? 
[33


]
Underfull \hbox (badness 10000) in paragraph at lines 115--120
\T1/cmtt/m/n/10.95 / / www . atnf . csiro . au / outreach / education / senior 
/ astrophysics /
 []


Underfull \hbox (badness 10000) in paragraph at lines 122--127
\T1/cmtt/m/n/10.95 / / www . atnf . csiro . au / outreach / education / senior 
/ astrophysics /
 []


Underfull \hbox (badness 10000) in paragraph at lines 129--134
\T1/cmr/m/n/10.95 po-ni-ble en []$\T1/cmtt/m/n/10.95 https : / / web . archive 
. org / web / 20240208142835 / https :
 []


Underfull \hbox (badness 10000) in paragraph at lines 129--134
\T1/cmtt/m/n/10.95 / / www . atnf . csiro . au / outreach / education / senior 
/ astrophysics /
 []

[34] [35]

! Package inputenc Error: Keyboard character used is undefined
(inputenc)                in inputencoding `latin1'.

See the inputenc package documentation for explanation.
Type  H <return>  for immediate help.
 ...                                              
                                                  
l.266 ...Astronomical image subtraction by cross‚Ä
                                                  êconvolution.
? 

! Package inputenc Error: Keyboard character used is undefined
(inputenc)                in inputencoding `latin1'.

See the inputenc package documentation for explanation.
Type  H <return>  for immediate help.
 ...                                              
                                                  
l.266 ...stronomical image subtraction by cross‚Äê
                                                  convolution.
? 

! Package inputenc Error: Keyboard character used is undefined
(inputenc)                in inputencoding `latin1'.

See the inputenc package documentation for explanation.
Type  H <return>  for immediate help.
 ...                                              
                                                  
l.267 ...l Journal\/}, vol. 677(1), p\'agina 808‚Ä
                                                  ì812,
? 

! Package inputenc Error: Keyboard character used is undefined
(inputenc)                in inputencoding `latin1'.

See the inputenc package documentation for explanation.
Type  H <return>  for immediate help.
 ...                                              
                                                  
l.267 ... Journal\/}, vol. 677(1), p\'agina 808‚Äì
                                                  812,
? 

! Package inputenc Error: Keyboard character used is undefined
(inputenc)                in inputencoding `latin1'.

See the inputenc package documentation for explanation.
Type  H <return>  for immediate help.
 ...                                              
                                                  
l.273 \newblock Proper image subtraction‚Ä
                                          îoptimal transient detection, phot...

? 

! Package inputenc Error: Keyboard character used is undefined
(inputenc)                in inputencoding `latin1'.

See the inputenc package documentation for explanation.
Type  H <return>  for immediate help.
 ...                                              
                                                  
l.273 \newblock Proper image subtraction‚Äî
                                           optimal transient detection, phot...

? 
)) [36] (./Tesis.aux (./Cascaras/cover.aux)
LaTeX Info: Redefining \. on input line 13.
LaTeX Info: Redefining \% on input line 13.
 (./TeXiS/TeXiS_toc.aux)
(./Capitulos/01Capitulo1.aux) (./Capitulos/02Capitulo2.aux)
(./Capitulos/03Capitulo3.aux) (./Capitulos/04Capitulo4.aux)
(./Cascaras/bibliografia.aux))
 ***********
LaTeX2e <2023-11-01> patch level 1
L3 programming layer <2024-01-22>
 ***********


LaTeX Warning: There were multiply-defined labels.

Package rerunfilecheck Info: File `Tesis.out' has not changed.
(rerunfilecheck)             Checksum: 9F0572A00EBB46F757FDF79432B242AC;6138.
 ) 
Here is how much of TeX's memory you used:
 16058 strings out of 474222
 257238 string characters out of 5748733
 1941975 words of memory out of 5000000
 37662 multiletter control sequences out of 15000+600000
 575993 words of font info for 68 fonts, out of 8000000 for 9000
 1379 hyphenation exceptions out of 8191
 97i,12n,98p,1103b,815s stack positions out of 10000i,1000n,20000p,200000b,200000s
</usr/share/texlive/texmf-dist/fonts/type1/public/amsfonts/cm/cmex10.pfb></us
r/share/texlive/texmf-dist/fonts/type1/public/amsfonts/cm/cmmi10.pfb></usr/shar
e/texlive/texmf-dist/fonts/type1/public/amsfonts/cm/cmmi6.pfb></usr/share/texli
ve/texmf-dist/fonts/type1/public/amsfonts/cm/cmmi8.pfb></usr/share/texlive/texm
f-dist/fonts/type1/public/amsfonts/cm/cmr10.pfb></usr/share/texlive/texmf-dist/
fonts/type1/public/amsfonts/cm/cmr6.pfb></usr/share/texlive/texmf-dist/fonts/ty
pe1/public/amsfonts/cm/cmr8.pfb></usr/share/texlive/texmf-dist/fonts/type1/publ
ic/amsfonts/cm/cmsy10.pfb></usr/share/texlive/texmf-dist/fonts/type1/public/ams
fonts/cm/cmsy6.pfb></usr/share/texlive/texmf-dist/fonts/type1/public/amsfonts/c
m/cmsy8.pfb></usr/share/texmf/fonts/type1/public/cm-super/sfbx1095.pfb></usr/sh
are/texmf/fonts/type1/public/cm-super/sfbx1200.pfb></usr/share/texmf/fonts/type
1/public/cm-super/sfbx1440.pfb></usr/share/texmf/fonts/type1/public/cm-super/sf
bx2074.pfb></usr/share/texmf/fonts/type1/public/cm-super/sfbx2488.pfb></usr/sha
re/texmf/fonts/type1/public/cm-super/sfcc1000.pfb></usr/share/texmf/fonts/type1
/public/cm-super/sfcc1095.pfb></usr/share/texmf/fonts/type1/public/cm-super/sfr
m0900.pfb></usr/share/texmf/fonts/type1/public/cm-super/sfrm1000.pfb></usr/shar
e/texmf/fonts/type1/public/cm-super/sfrm1095.pfb></usr/share/texmf/fonts/type1/
public/cm-super/sfrm2488.pfb></usr/share/texmf/fonts/type1/public/cm-super/sfti
1095.pfb></usr/share/texmf/fonts/type1/public/cm-super/sfti1200.pfb></usr/share
/texmf/fonts/type1/public/cm-super/sftt1095.pfb>
Output written on Tesis.pdf (46 pages, 2161381 bytes).
PDF statistics:
 734 PDF objects out of 1000 (max. 8388607)
 607 compressed objects within 7 object streams
 131 named destinations out of 1000 (max. 500000)
 317 words of extra memory for PDF output out of 10000 (max. 10000000)

